2020-12-26 16:36:19.301 [main] INFO  com.lz.ht.CbootApplication - Starting CbootApplication on DESKTOP-HQMNFVH with PID 15976 (started by huawei in C:\Users\huawei\Desktop\cboot (2)\cboot)
2020-12-26 16:36:19.305 [main] INFO  com.lz.ht.CbootApplication - The following profiles are active: local
2020-12-26 16:36:20.961 [main] INFO  o.s.c.s.PostProcessorRegistrationDelegate$BeanPostProcessorChecker - Bean 'org.apache.shiro.spring.boot.autoconfigure.ShiroBeanAutoConfiguration' of type [org.apache.shiro.spring.boot.autoconfigure.ShiroBeanAutoConfiguration$$EnhancerBySpringCGLIB$$5d3dc52e] is not eligible for getting processed by all BeanPostProcessors (for example: not eligible for auto-proxying)
2020-12-26 16:36:21.032 [main] INFO  o.s.c.s.PostProcessorRegistrationDelegate$BeanPostProcessorChecker - Bean 'org.apache.shiro.spring.boot.autoconfigure.ShiroAnnotationProcessorAutoConfiguration' of type [org.apache.shiro.spring.boot.autoconfigure.ShiroAnnotationProcessorAutoConfiguration$$EnhancerBySpringCGLIB$$5fd103d3] is not eligible for getting processed by all BeanPostProcessors (for example: not eligible for auto-proxying)
2020-12-26 16:36:21.041 [main] INFO  o.s.c.s.PostProcessorRegistrationDelegate$BeanPostProcessorChecker - Bean 'shiroConfig' of type [com.lz.ht.configuration.ShiroConfig$$EnhancerBySpringCGLIB$$2e87456f] is not eligible for getting processed by all BeanPostProcessors (for example: not eligible for auto-proxying)
2020-12-26 16:36:21.052 [main] INFO  o.s.c.s.PostProcessorRegistrationDelegate$BeanPostProcessorChecker - Bean 'org.springframework.transaction.annotation.ProxyTransactionManagementConfiguration' of type [org.springframework.transaction.annotation.ProxyTransactionManagementConfiguration$$EnhancerBySpringCGLIB$$4a24e77e] is not eligible for getting processed by all BeanPostProcessors (for example: not eligible for auto-proxying)
2020-12-26 16:36:21.700 [main] INFO  o.s.c.s.PostProcessorRegistrationDelegate$BeanPostProcessorChecker - Bean 'druidConfig' of type [com.lz.ht.configuration.DruidConfig$$EnhancerBySpringCGLIB$$832da8e0] is not eligible for getting processed by all BeanPostProcessors (for example: not eligible for auto-proxying)
2020-12-26 16:36:21.803 [main] INFO  o.s.c.s.PostProcessorRegistrationDelegate$BeanPostProcessorChecker - Bean 'mybatis-org.mybatis.spring.boot.autoconfigure.MybatisProperties' of type [org.mybatis.spring.boot.autoconfigure.MybatisProperties] is not eligible for getting processed by all BeanPostProcessors (for example: not eligible for auto-proxying)
2020-12-26 16:36:21.816 [main] INFO  o.s.c.s.PostProcessorRegistrationDelegate$BeanPostProcessorChecker - Bean 'org.mybatis.spring.boot.autoconfigure.MybatisAutoConfiguration' of type [org.mybatis.spring.boot.autoconfigure.MybatisAutoConfiguration$$EnhancerBySpringCGLIB$$7cf938ae] is not eligible for getting processed by all BeanPostProcessors (for example: not eligible for auto-proxying)
2020-12-26 16:36:22.656 [main] INFO  com.alibaba.druid.pool.DruidDataSource - {dataSource-1} inited
2020-12-26 16:36:22.656 [main] INFO  o.s.c.s.PostProcessorRegistrationDelegate$BeanPostProcessorChecker - Bean 'dataSource' of type [com.alibaba.druid.pool.DruidDataSource] is not eligible for getting processed by all BeanPostProcessors (for example: not eligible for auto-proxying)
2020-12-26 16:36:22.667 [main] INFO  o.s.c.s.PostProcessorRegistrationDelegate$BeanPostProcessorChecker - Bean 'spring.datasource-org.springframework.boot.autoconfigure.jdbc.DataSourceProperties' of type [org.springframework.boot.autoconfigure.jdbc.DataSourceProperties] is not eligible for getting processed by all BeanPostProcessors (for example: not eligible for auto-proxying)
2020-12-26 16:36:22.671 [main] INFO  o.s.c.s.PostProcessorRegistrationDelegate$BeanPostProcessorChecker - Bean 'org.springframework.boot.autoconfigure.jdbc.DataSourceInitializerInvoker' of type [org.springframework.boot.autoconfigure.jdbc.DataSourceInitializerInvoker] is not eligible for getting processed by all BeanPostProcessors (for example: not eligible for auto-proxying)
2020-12-26 16:36:23.051 [main] INFO  o.s.c.s.PostProcessorRegistrationDelegate$BeanPostProcessorChecker - Bean 'sqlSessionFactory' of type [org.apache.ibatis.session.defaults.DefaultSqlSessionFactory] is not eligible for getting processed by all BeanPostProcessors (for example: not eligible for auto-proxying)
2020-12-26 16:36:23.055 [main] INFO  o.s.c.s.PostProcessorRegistrationDelegate$BeanPostProcessorChecker - Bean 'sqlSessionTemplate' of type [org.mybatis.spring.SqlSessionTemplate] is not eligible for getting processed by all BeanPostProcessors (for example: not eligible for auto-proxying)
2020-12-26 16:36:23.056 [main] INFO  com.lz.ht.configuration.DruidConfig - -------------SqlMapper ------------
2020-12-26 16:36:23.056 [main] INFO  o.s.c.s.PostProcessorRegistrationDelegate$BeanPostProcessorChecker - Bean 'sqlMapper' of type [com.github.abel533.sql.SqlMapper] is not eligible for getting processed by all BeanPostProcessors (for example: not eligible for auto-proxying)
2020-12-26 16:36:23.068 [main] INFO  o.s.c.s.PostProcessorRegistrationDelegate$BeanPostProcessorChecker - Bean 'userMapper' of type [org.mybatis.spring.mapper.MapperFactoryBean] is not eligible for getting processed by all BeanPostProcessors (for example: not eligible for auto-proxying)
2020-12-26 16:36:23.069 [main] INFO  o.s.c.s.PostProcessorRegistrationDelegate$BeanPostProcessorChecker - Bean 'userMapper' of type [com.sun.proxy.$Proxy65] is not eligible for getting processed by all BeanPostProcessors (for example: not eligible for auto-proxying)
2020-12-26 16:36:23.074 [main] INFO  o.s.c.s.PostProcessorRegistrationDelegate$BeanPostProcessorChecker - Bean 'userRoleMapper' of type [org.mybatis.spring.mapper.MapperFactoryBean] is not eligible for getting processed by all BeanPostProcessors (for example: not eligible for auto-proxying)
2020-12-26 16:36:23.075 [main] INFO  o.s.c.s.PostProcessorRegistrationDelegate$BeanPostProcessorChecker - Bean 'userRoleMapper' of type [com.sun.proxy.$Proxy66] is not eligible for getting processed by all BeanPostProcessors (for example: not eligible for auto-proxying)
2020-12-26 16:36:23.077 [main] INFO  o.s.c.s.PostProcessorRegistrationDelegate$BeanPostProcessorChecker - Bean 'userServiceImpl' of type [com.lz.ht.service.serviceImpl.UserServiceImpl] is not eligible for getting processed by all BeanPostProcessors (for example: not eligible for auto-proxying)
2020-12-26 16:36:23.081 [main] INFO  o.s.c.s.PostProcessorRegistrationDelegate$BeanPostProcessorChecker - Bean 'userRoleServiceImpl' of type [com.lz.ht.service.serviceImpl.UserRoleServiceImpl] is not eligible for getting processed by all BeanPostProcessors (for example: not eligible for auto-proxying)
2020-12-26 16:36:23.088 [main] INFO  o.s.c.s.PostProcessorRegistrationDelegate$BeanPostProcessorChecker - Bean 'roleResourcesMapper' of type [org.mybatis.spring.mapper.MapperFactoryBean] is not eligible for getting processed by all BeanPostProcessors (for example: not eligible for auto-proxying)
2020-12-26 16:36:23.089 [main] INFO  o.s.c.s.PostProcessorRegistrationDelegate$BeanPostProcessorChecker - Bean 'roleResourcesMapper' of type [com.sun.proxy.$Proxy69] is not eligible for getting processed by all BeanPostProcessors (for example: not eligible for auto-proxying)
2020-12-26 16:36:23.089 [main] INFO  o.s.c.s.PostProcessorRegistrationDelegate$BeanPostProcessorChecker - Bean 'roleResourcesServiceImpl' of type [com.lz.ht.service.serviceImpl.RoleResourcesServiceImpl] is not eligible for getting processed by all BeanPostProcessors (for example: not eligible for auto-proxying)
2020-12-26 16:36:23.090 [main] INFO  o.s.c.s.PostProcessorRegistrationDelegate$BeanPostProcessorChecker - Bean 'customRealm' of type [com.lz.ht.realm.CustomRealm] is not eligible for getting processed by all BeanPostProcessors (for example: not eligible for auto-proxying)
2020-12-26 16:36:23.094 [main] INFO  o.s.c.s.PostProcessorRegistrationDelegate$BeanPostProcessorChecker - Bean 'securityManager' of type [org.apache.shiro.web.mgt.DefaultWebSecurityManager] is not eligible for getting processed by all BeanPostProcessors (for example: not eligible for auto-proxying)
2020-12-26 16:36:23.104 [main] INFO  o.s.c.s.PostProcessorRegistrationDelegate$BeanPostProcessorChecker - Bean 'authorizationAttributeSourceAdvisor' of type [org.apache.shiro.spring.security.interceptor.AuthorizationAttributeSourceAdvisor] is not eligible for getting processed by all BeanPostProcessors (for example: not eligible for auto-proxying)
2020-12-26 16:36:23.132 [main] INFO  o.s.c.s.PostProcessorRegistrationDelegate$BeanPostProcessorChecker - Bean 'eventBus' of type [org.apache.shiro.event.support.DefaultEventBus] is not eligible for getting processed by all BeanPostProcessors (for example: not eligible for auto-proxying)
2020-12-26 16:36:23.451 [main] INFO  o.s.boot.web.embedded.tomcat.TomcatWebServer - Tomcat initialized with port(s): 8080 (http)
2020-12-26 16:36:23.477 [main] INFO  org.apache.coyote.http11.Http11NioProtocol - Initializing ProtocolHandler ["http-nio-8080"]
2020-12-26 16:36:23.807 [main] INFO  org.apache.catalina.core.StandardService - Starting service [Tomcat]
2020-12-26 16:36:23.808 [main] INFO  org.apache.catalina.core.StandardEngine - Starting Servlet engine: [Apache Tomcat/9.0.22]
2020-12-26 16:36:23.977 [main] INFO  o.a.c.core.ContainerBase.[Tomcat].[localhost].[/] - Initializing Spring embedded WebApplicationContext
2020-12-26 16:36:23.977 [main] INFO  org.springframework.web.context.ContextLoader - Root WebApplicationContext: initialization completed in 4584 ms
2020-12-26 16:36:24.406 [main] INFO  o.s.boot.web.servlet.RegistrationBean - Filter webStatFilter was not registered (possibly already registered?)
2020-12-26 16:36:24.410 [main] INFO  o.s.boot.web.servlet.RegistrationBean - Servlet statViewServlet was not registered (possibly already registered?)
2020-12-26 16:36:24.593 [main] INFO  com.lz.ht.constant.SysConstant - ***********SYSTEM_CONFIGS***********
2020-12-26 16:36:24.593 [main] INFO  com.lz.ht.constant.SysConstant - [com.lz.ht.model.SysConfig@4f3e9fbb, com.lz.ht.model.SysConfig@365afe87]
2020-12-26 16:36:24.593 [main] INFO  com.lz.ht.constant.SysConstant - ***********SYSTEM_CONFIGS***********
2020-12-26 16:36:24.783 [main] INFO  org.quartz.impl.StdSchedulerFactory - Using default implementation for ThreadExecutor
2020-12-26 16:36:24.785 [main] INFO  org.quartz.simpl.SimpleThreadPool - Job execution threads will use class loader of thread: main
2020-12-26 16:36:24.792 [main] INFO  org.quartz.core.SchedulerSignalerImpl - Initialized Scheduler Signaller of type: class org.quartz.core.SchedulerSignalerImpl
2020-12-26 16:36:24.792 [main] INFO  org.quartz.core.QuartzScheduler - Quartz Scheduler v.2.3.1 created.
2020-12-26 16:36:24.792 [main] INFO  org.quartz.simpl.RAMJobStore - RAMJobStore initialized.
2020-12-26 16:36:24.793 [main] INFO  org.quartz.core.QuartzScheduler - Scheduler meta-data: Quartz Scheduler (v2.3.1) 'DefaultQuartzScheduler' with instanceId 'NON_CLUSTERED'
  Scheduler class: 'org.quartz.core.QuartzScheduler' - running locally.
  NOT STARTED.
  Currently in standby mode.
  Number of jobs executed: 0
  Using thread pool 'org.quartz.simpl.SimpleThreadPool' - with 10 threads.
  Using job-store 'org.quartz.simpl.RAMJobStore' - which does not support persistence. and is not clustered.

2020-12-26 16:36:24.793 [main] INFO  org.quartz.impl.StdSchedulerFactory - Quartz scheduler 'DefaultQuartzScheduler' initialized from default resource file in Quartz package: 'quartz.properties'
2020-12-26 16:36:24.793 [main] INFO  org.quartz.impl.StdSchedulerFactory - Quartz scheduler version: 2.3.1
2020-12-26 16:36:25.014 [main] INFO  o.s.scheduling.concurrent.ThreadPoolTaskExecutor - Initializing ExecutorService 'applicationTaskExecutor'
2020-12-26 16:36:25.585 [main] INFO  org.quartz.impl.StdSchedulerFactory - Using default implementation for ThreadExecutor
2020-12-26 16:36:25.586 [main] INFO  org.quartz.core.SchedulerSignalerImpl - Initialized Scheduler Signaller of type: class org.quartz.core.SchedulerSignalerImpl
2020-12-26 16:36:25.586 [main] INFO  org.quartz.core.QuartzScheduler - Quartz Scheduler v.2.3.1 created.
2020-12-26 16:36:25.586 [main] INFO  org.quartz.simpl.RAMJobStore - RAMJobStore initialized.
2020-12-26 16:36:25.586 [main] INFO  org.quartz.core.QuartzScheduler - Scheduler meta-data: Quartz Scheduler (v2.3.1) 'quartzScheduler' with instanceId 'NON_CLUSTERED'
  Scheduler class: 'org.quartz.core.QuartzScheduler' - running locally.
  NOT STARTED.
  Currently in standby mode.
  Number of jobs executed: 0
  Using thread pool 'org.quartz.simpl.SimpleThreadPool' - with 10 threads.
  Using job-store 'org.quartz.simpl.RAMJobStore' - which does not support persistence. and is not clustered.

2020-12-26 16:36:25.586 [main] INFO  org.quartz.impl.StdSchedulerFactory - Quartz scheduler 'quartzScheduler' initialized from an externally provided properties instance.
2020-12-26 16:36:25.586 [main] INFO  org.quartz.impl.StdSchedulerFactory - Quartz scheduler version: 2.3.1
2020-12-26 16:36:25.586 [main] INFO  org.quartz.core.QuartzScheduler - JobFactory set to: org.springframework.scheduling.quartz.SpringBeanJobFactory@79cb8ffa
2020-12-26 16:36:25.620 [main] INFO  o.s.b.actuate.endpoint.web.EndpointLinksResolver - Exposing 2 endpoint(s) beneath base path '/actuator'
2020-12-26 16:36:25.673 [main] INFO  o.s.scheduling.quartz.SchedulerFactoryBean - Starting Quartz Scheduler now
2020-12-26 16:36:25.673 [main] INFO  org.quartz.core.QuartzScheduler - Scheduler quartzScheduler_$_NON_CLUSTERED started.
2020-12-26 16:36:25.699 [main] INFO  org.apache.coyote.http11.Http11NioProtocol - Starting ProtocolHandler ["http-nio-8080"]
2020-12-26 16:36:25.718 [main] INFO  o.s.boot.web.embedded.tomcat.TomcatWebServer - Tomcat started on port(s): 8080 (http) with context path ''
2020-12-26 16:36:25.720 [main] INFO  com.lz.ht.CbootApplication - Started CbootApplication in 7.121 seconds (JVM running for 8.515)
2020-12-26 16:36:26.148 [RMI TCP Connection(1)-192.168.43.238] INFO  o.a.c.core.ContainerBase.[Tomcat].[localhost].[/] - Initializing Spring DispatcherServlet 'dispatcherServlet'
2020-12-26 16:36:26.149 [RMI TCP Connection(1)-192.168.43.238] INFO  org.springframework.web.servlet.DispatcherServlet - Initializing Servlet 'dispatcherServlet'
2020-12-26 16:36:26.159 [RMI TCP Connection(1)-192.168.43.238] INFO  org.springframework.web.servlet.DispatcherServlet - Completed initialization in 10 ms
2020-12-26 16:36:33.716 [http-nio-8080-exec-2] INFO  com.lz.ht.base.BaseController - /login
2020-12-26 16:36:33.717 [http-nio-8080-exec-2] INFO  com.lz.ht.base.BaseController - /login
2020-12-26 16:36:33.830 [http-nio-8080-exec-2] INFO  com.lz.ht.base.BaseController - /login
2020-12-26 16:36:33.833 [http-nio-8080-exec-2] INFO  com.lz.ht.base.BaseController - /login
2020-12-26 16:37:44.370 [http-nio-8080-exec-5] INFO  com.lz.ht.base.BaseController - /login
2020-12-26 16:37:44.370 [http-nio-8080-exec-5] INFO  com.lz.ht.base.BaseController - /login
2020-12-26 16:37:44.395 [http-nio-8080-exec-5] INFO  com.lz.ht.base.BaseController - /login
2020-12-26 16:37:44.395 [http-nio-8080-exec-5] INFO  com.lz.ht.base.BaseController - /login
2020-12-26 16:38:23.538 [http-nio-8080-exec-6] INFO  com.lz.ht.base.BaseController - /user/list
2020-12-26 16:38:23.542 [http-nio-8080-exec-6] INFO  com.lz.ht.base.BaseController - /user/list
2020-12-26 16:38:30.821 [http-nio-8080-exec-7] INFO  com.lz.ht.base.BaseController - /resources/list
2020-12-26 16:38:30.824 [http-nio-8080-exec-7] INFO  com.lz.ht.base.BaseController - /resources/list
2020-12-26 16:38:32.288 [http-nio-8080-exec-5] INFO  com.lz.ht.base.BaseController - /dept/list
2020-12-26 16:38:32.291 [http-nio-8080-exec-5] INFO  com.lz.ht.base.BaseController - /dept/list
2020-12-26 16:38:34.144 [http-nio-8080-exec-3] INFO  com.lz.ht.base.BaseController - /sysConfig/list
2020-12-26 16:38:34.149 [http-nio-8080-exec-3] INFO  com.lz.ht.base.BaseController - /sysConfig/list
2020-12-26 16:38:43.364 [http-nio-8080-exec-4] INFO  com.lz.ht.base.BaseController - /role/list
2020-12-26 16:38:43.367 [http-nio-8080-exec-4] INFO  com.lz.ht.base.BaseController - /role/list
2020-12-26 16:38:45.813 [http-nio-8080-exec-6] INFO  com.lz.ht.base.BaseController - /role/list
2020-12-26 16:38:45.814 [http-nio-8080-exec-6] INFO  com.lz.ht.base.BaseController - /role/list
2020-12-26 16:38:48.394 [http-nio-8080-exec-8] INFO  com.lz.ht.base.BaseController - /role/roleResource
2020-12-26 17:59:23.154 [main] INFO  com.lz.ht.CbootApplication - Starting CbootApplication on DESKTOP-HQMNFVH with PID 15268 (started by huawei in C:\Users\huawei\Desktop\cboot (2)\cboot)
2020-12-26 17:59:23.155 [main] INFO  com.lz.ht.CbootApplication - The following profiles are active: local
2020-12-26 17:59:24.270 [main] INFO  o.s.c.s.PostProcessorRegistrationDelegate$BeanPostProcessorChecker - Bean 'org.apache.shiro.spring.boot.autoconfigure.ShiroBeanAutoConfiguration' of type [org.apache.shiro.spring.boot.autoconfigure.ShiroBeanAutoConfiguration$$EnhancerBySpringCGLIB$$a8567f1a] is not eligible for getting processed by all BeanPostProcessors (for example: not eligible for auto-proxying)
2020-12-26 17:59:24.319 [main] INFO  o.s.c.s.PostProcessorRegistrationDelegate$BeanPostProcessorChecker - Bean 'org.apache.shiro.spring.boot.autoconfigure.ShiroAnnotationProcessorAutoConfiguration' of type [org.apache.shiro.spring.boot.autoconfigure.ShiroAnnotationProcessorAutoConfiguration$$EnhancerBySpringCGLIB$$aae9bdbf] is not eligible for getting processed by all BeanPostProcessors (for example: not eligible for auto-proxying)
2020-12-26 17:59:24.324 [main] INFO  o.s.c.s.PostProcessorRegistrationDelegate$BeanPostProcessorChecker - Bean 'shiroConfig' of type [com.lz.ht.configuration.ShiroConfig$$EnhancerBySpringCGLIB$$799fff5b] is not eligible for getting processed by all BeanPostProcessors (for example: not eligible for auto-proxying)
2020-12-26 17:59:24.334 [main] INFO  o.s.c.s.PostProcessorRegistrationDelegate$BeanPostProcessorChecker - Bean 'org.springframework.transaction.annotation.ProxyTransactionManagementConfiguration' of type [org.springframework.transaction.annotation.ProxyTransactionManagementConfiguration$$EnhancerBySpringCGLIB$$953da16a] is not eligible for getting processed by all BeanPostProcessors (for example: not eligible for auto-proxying)
2020-12-26 17:59:24.985 [main] INFO  o.s.c.s.PostProcessorRegistrationDelegate$BeanPostProcessorChecker - Bean 'mybatis-org.mybatis.spring.boot.autoconfigure.MybatisProperties' of type [org.mybatis.spring.boot.autoconfigure.MybatisProperties] is not eligible for getting processed by all BeanPostProcessors (for example: not eligible for auto-proxying)
2020-12-26 17:59:24.996 [main] INFO  o.s.c.s.PostProcessorRegistrationDelegate$BeanPostProcessorChecker - Bean 'org.mybatis.spring.boot.autoconfigure.MybatisAutoConfiguration' of type [org.mybatis.spring.boot.autoconfigure.MybatisAutoConfiguration$$EnhancerBySpringCGLIB$$c811f29a] is not eligible for getting processed by all BeanPostProcessors (for example: not eligible for auto-proxying)
2020-12-26 17:59:25.005 [main] INFO  o.s.c.s.PostProcessorRegistrationDelegate$BeanPostProcessorChecker - Bean 'druidConfig' of type [com.lz.ht.configuration.DruidConfig$$EnhancerBySpringCGLIB$$ce4662cc] is not eligible for getting processed by all BeanPostProcessors (for example: not eligible for auto-proxying)
2020-12-26 17:59:25.438 [main] INFO  com.alibaba.druid.pool.DruidDataSource - {dataSource-1} inited
2020-12-26 17:59:25.438 [main] INFO  o.s.c.s.PostProcessorRegistrationDelegate$BeanPostProcessorChecker - Bean 'dataSource' of type [com.alibaba.druid.pool.DruidDataSource] is not eligible for getting processed by all BeanPostProcessors (for example: not eligible for auto-proxying)
2020-12-26 17:59:25.446 [main] INFO  o.s.c.s.PostProcessorRegistrationDelegate$BeanPostProcessorChecker - Bean 'spring.datasource-org.springframework.boot.autoconfigure.jdbc.DataSourceProperties' of type [org.springframework.boot.autoconfigure.jdbc.DataSourceProperties] is not eligible for getting processed by all BeanPostProcessors (for example: not eligible for auto-proxying)
2020-12-26 17:59:25.450 [main] INFO  o.s.c.s.PostProcessorRegistrationDelegate$BeanPostProcessorChecker - Bean 'org.springframework.boot.autoconfigure.jdbc.DataSourceInitializerInvoker' of type [org.springframework.boot.autoconfigure.jdbc.DataSourceInitializerInvoker] is not eligible for getting processed by all BeanPostProcessors (for example: not eligible for auto-proxying)
2020-12-26 17:59:25.689 [main] INFO  o.s.c.s.PostProcessorRegistrationDelegate$BeanPostProcessorChecker - Bean 'sqlSessionFactory' of type [org.apache.ibatis.session.defaults.DefaultSqlSessionFactory] is not eligible for getting processed by all BeanPostProcessors (for example: not eligible for auto-proxying)
2020-12-26 17:59:25.695 [main] INFO  o.s.c.s.PostProcessorRegistrationDelegate$BeanPostProcessorChecker - Bean 'sqlSessionTemplate' of type [org.mybatis.spring.SqlSessionTemplate] is not eligible for getting processed by all BeanPostProcessors (for example: not eligible for auto-proxying)
2020-12-26 17:59:25.696 [main] INFO  o.s.c.s.PostProcessorRegistrationDelegate$BeanPostProcessorChecker - Bean 'userMapper' of type [org.mybatis.spring.mapper.MapperFactoryBean] is not eligible for getting processed by all BeanPostProcessors (for example: not eligible for auto-proxying)
2020-12-26 17:59:25.697 [main] INFO  o.s.c.s.PostProcessorRegistrationDelegate$BeanPostProcessorChecker - Bean 'userMapper' of type [com.sun.proxy.$Proxy65] is not eligible for getting processed by all BeanPostProcessors (for example: not eligible for auto-proxying)
2020-12-26 17:59:25.702 [main] INFO  o.s.c.s.PostProcessorRegistrationDelegate$BeanPostProcessorChecker - Bean 'userRoleMapper' of type [org.mybatis.spring.mapper.MapperFactoryBean] is not eligible for getting processed by all BeanPostProcessors (for example: not eligible for auto-proxying)
2020-12-26 17:59:25.703 [main] INFO  o.s.c.s.PostProcessorRegistrationDelegate$BeanPostProcessorChecker - Bean 'userRoleMapper' of type [com.sun.proxy.$Proxy66] is not eligible for getting processed by all BeanPostProcessors (for example: not eligible for auto-proxying)
2020-12-26 17:59:25.704 [main] INFO  o.s.c.s.PostProcessorRegistrationDelegate$BeanPostProcessorChecker - Bean 'userServiceImpl' of type [com.lz.ht.service.serviceImpl.UserServiceImpl] is not eligible for getting processed by all BeanPostProcessors (for example: not eligible for auto-proxying)
2020-12-26 17:59:25.707 [main] INFO  com.lz.ht.configuration.DruidConfig - -------------SqlMapper ------------
2020-12-26 17:59:25.707 [main] INFO  o.s.c.s.PostProcessorRegistrationDelegate$BeanPostProcessorChecker - Bean 'sqlMapper' of type [com.github.abel533.sql.SqlMapper] is not eligible for getting processed by all BeanPostProcessors (for example: not eligible for auto-proxying)
2020-12-26 17:59:25.712 [main] INFO  o.s.c.s.PostProcessorRegistrationDelegate$BeanPostProcessorChecker - Bean 'roleResourcesMapper' of type [org.mybatis.spring.mapper.MapperFactoryBean] is not eligible for getting processed by all BeanPostProcessors (for example: not eligible for auto-proxying)
2020-12-26 17:59:25.713 [main] INFO  o.s.c.s.PostProcessorRegistrationDelegate$BeanPostProcessorChecker - Bean 'roleResourcesMapper' of type [com.sun.proxy.$Proxy69] is not eligible for getting processed by all BeanPostProcessors (for example: not eligible for auto-proxying)
2020-12-26 17:59:25.714 [main] INFO  o.s.c.s.PostProcessorRegistrationDelegate$BeanPostProcessorChecker - Bean 'roleResourcesServiceImpl' of type [com.lz.ht.service.serviceImpl.RoleResourcesServiceImpl] is not eligible for getting processed by all BeanPostProcessors (for example: not eligible for auto-proxying)
2020-12-26 17:59:25.716 [main] INFO  o.s.c.s.PostProcessorRegistrationDelegate$BeanPostProcessorChecker - Bean 'userRoleServiceImpl' of type [com.lz.ht.service.serviceImpl.UserRoleServiceImpl] is not eligible for getting processed by all BeanPostProcessors (for example: not eligible for auto-proxying)
2020-12-26 17:59:25.717 [main] INFO  o.s.c.s.PostProcessorRegistrationDelegate$BeanPostProcessorChecker - Bean 'customRealm' of type [com.lz.ht.realm.CustomRealm] is not eligible for getting processed by all BeanPostProcessors (for example: not eligible for auto-proxying)
2020-12-26 17:59:25.720 [main] INFO  o.s.c.s.PostProcessorRegistrationDelegate$BeanPostProcessorChecker - Bean 'securityManager' of type [org.apache.shiro.web.mgt.DefaultWebSecurityManager] is not eligible for getting processed by all BeanPostProcessors (for example: not eligible for auto-proxying)
2020-12-26 17:59:25.730 [main] INFO  o.s.c.s.PostProcessorRegistrationDelegate$BeanPostProcessorChecker - Bean 'authorizationAttributeSourceAdvisor' of type [org.apache.shiro.spring.security.interceptor.AuthorizationAttributeSourceAdvisor] is not eligible for getting processed by all BeanPostProcessors (for example: not eligible for auto-proxying)
2020-12-26 17:59:25.751 [main] INFO  o.s.c.s.PostProcessorRegistrationDelegate$BeanPostProcessorChecker - Bean 'eventBus' of type [org.apache.shiro.event.support.DefaultEventBus] is not eligible for getting processed by all BeanPostProcessors (for example: not eligible for auto-proxying)
2020-12-26 17:59:26.016 [main] INFO  o.s.boot.web.embedded.tomcat.TomcatWebServer - Tomcat initialized with port(s): 8080 (http)
2020-12-26 17:59:26.043 [main] INFO  org.apache.coyote.http11.Http11NioProtocol - Initializing ProtocolHandler ["http-nio-8080"]
2020-12-26 17:59:26.355 [main] INFO  org.apache.catalina.core.StandardService - Starting service [Tomcat]
2020-12-26 17:59:26.355 [main] INFO  org.apache.catalina.core.StandardEngine - Starting Servlet engine: [Apache Tomcat/9.0.22]
2020-12-26 17:59:26.521 [main] INFO  o.a.c.core.ContainerBase.[Tomcat].[localhost].[/] - Initializing Spring embedded WebApplicationContext
2020-12-26 17:59:26.521 [main] INFO  org.springframework.web.context.ContextLoader - Root WebApplicationContext: initialization completed in 3334 ms
2020-12-26 17:59:26.886 [main] INFO  o.s.boot.web.servlet.RegistrationBean - Filter webStatFilter was not registered (possibly already registered?)
2020-12-26 17:59:26.890 [main] INFO  o.s.boot.web.servlet.RegistrationBean - Servlet statViewServlet was not registered (possibly already registered?)
2020-12-26 17:59:27.062 [main] INFO  com.lz.ht.constant.SysConstant - ***********SYSTEM_CONFIGS***********
2020-12-26 17:59:27.062 [main] INFO  com.lz.ht.constant.SysConstant - [com.lz.ht.model.SysConfig@1b57c345, com.lz.ht.model.SysConfig@6e02721d]
2020-12-26 17:59:27.062 [main] INFO  com.lz.ht.constant.SysConstant - ***********SYSTEM_CONFIGS***********
2020-12-26 17:59:27.276 [main] INFO  org.quartz.impl.StdSchedulerFactory - Using default implementation for ThreadExecutor
2020-12-26 17:59:27.278 [main] INFO  org.quartz.simpl.SimpleThreadPool - Job execution threads will use class loader of thread: main
2020-12-26 17:59:27.285 [main] INFO  org.quartz.core.SchedulerSignalerImpl - Initialized Scheduler Signaller of type: class org.quartz.core.SchedulerSignalerImpl
2020-12-26 17:59:27.286 [main] INFO  org.quartz.core.QuartzScheduler - Quartz Scheduler v.2.3.1 created.
2020-12-26 17:59:27.286 [main] INFO  org.quartz.simpl.RAMJobStore - RAMJobStore initialized.
2020-12-26 17:59:27.287 [main] INFO  org.quartz.core.QuartzScheduler - Scheduler meta-data: Quartz Scheduler (v2.3.1) 'DefaultQuartzScheduler' with instanceId 'NON_CLUSTERED'
  Scheduler class: 'org.quartz.core.QuartzScheduler' - running locally.
  NOT STARTED.
  Currently in standby mode.
  Number of jobs executed: 0
  Using thread pool 'org.quartz.simpl.SimpleThreadPool' - with 10 threads.
  Using job-store 'org.quartz.simpl.RAMJobStore' - which does not support persistence. and is not clustered.

2020-12-26 17:59:27.287 [main] INFO  org.quartz.impl.StdSchedulerFactory - Quartz scheduler 'DefaultQuartzScheduler' initialized from default resource file in Quartz package: 'quartz.properties'
2020-12-26 17:59:27.287 [main] INFO  org.quartz.impl.StdSchedulerFactory - Quartz scheduler version: 2.3.1
2020-12-26 17:59:27.474 [main] INFO  o.s.scheduling.concurrent.ThreadPoolTaskExecutor - Initializing ExecutorService 'applicationTaskExecutor'
2020-12-26 17:59:28.071 [main] INFO  org.quartz.impl.StdSchedulerFactory - Using default implementation for ThreadExecutor
2020-12-26 17:59:28.072 [main] INFO  org.quartz.core.SchedulerSignalerImpl - Initialized Scheduler Signaller of type: class org.quartz.core.SchedulerSignalerImpl
2020-12-26 17:59:28.072 [main] INFO  org.quartz.core.QuartzScheduler - Quartz Scheduler v.2.3.1 created.
2020-12-26 17:59:28.072 [main] INFO  org.quartz.simpl.RAMJobStore - RAMJobStore initialized.
2020-12-26 17:59:28.072 [main] INFO  org.quartz.core.QuartzScheduler - Scheduler meta-data: Quartz Scheduler (v2.3.1) 'quartzScheduler' with instanceId 'NON_CLUSTERED'
  Scheduler class: 'org.quartz.core.QuartzScheduler' - running locally.
  NOT STARTED.
  Currently in standby mode.
  Number of jobs executed: 0
  Using thread pool 'org.quartz.simpl.SimpleThreadPool' - with 10 threads.
  Using job-store 'org.quartz.simpl.RAMJobStore' - which does not support persistence. and is not clustered.

2020-12-26 17:59:28.072 [main] INFO  org.quartz.impl.StdSchedulerFactory - Quartz scheduler 'quartzScheduler' initialized from an externally provided properties instance.
2020-12-26 17:59:28.072 [main] INFO  org.quartz.impl.StdSchedulerFactory - Quartz scheduler version: 2.3.1
2020-12-26 17:59:28.072 [main] INFO  org.quartz.core.QuartzScheduler - JobFactory set to: org.springframework.scheduling.quartz.SpringBeanJobFactory@2f4d32bf
2020-12-26 17:59:28.110 [main] INFO  o.s.b.actuate.endpoint.web.EndpointLinksResolver - Exposing 2 endpoint(s) beneath base path '/actuator'
2020-12-26 17:59:28.169 [main] INFO  o.s.scheduling.quartz.SchedulerFactoryBean - Starting Quartz Scheduler now
2020-12-26 17:59:28.169 [main] INFO  org.quartz.core.QuartzScheduler - Scheduler quartzScheduler_$_NON_CLUSTERED started.
2020-12-26 17:59:28.194 [main] INFO  org.apache.coyote.http11.Http11NioProtocol - Starting ProtocolHandler ["http-nio-8080"]
2020-12-26 17:59:28.215 [main] INFO  o.s.boot.web.embedded.tomcat.TomcatWebServer - Tomcat started on port(s): 8080 (http) with context path ''
2020-12-26 17:59:28.217 [main] INFO  com.lz.ht.CbootApplication - Started CbootApplication in 5.814 seconds (JVM running for 7.302)
2020-12-26 17:59:29.519 [RMI TCP Connection(3)-192.168.43.238] INFO  o.a.c.core.ContainerBase.[Tomcat].[localhost].[/] - Initializing Spring DispatcherServlet 'dispatcherServlet'
2020-12-26 17:59:29.519 [RMI TCP Connection(3)-192.168.43.238] INFO  org.springframework.web.servlet.DispatcherServlet - Initializing Servlet 'dispatcherServlet'
2020-12-26 17:59:29.527 [RMI TCP Connection(3)-192.168.43.238] INFO  org.springframework.web.servlet.DispatcherServlet - Completed initialization in 7 ms
2020-12-26 18:00:25.580 [http-nio-8080-exec-2] INFO  com.lz.ht.base.BaseController - /login
2020-12-26 18:00:25.581 [http-nio-8080-exec-2] INFO  com.lz.ht.base.BaseController - /login
2020-12-26 18:00:25.691 [http-nio-8080-exec-2] INFO  com.lz.ht.base.BaseController - /login
2020-12-26 18:00:25.694 [http-nio-8080-exec-2] INFO  com.lz.ht.base.BaseController - /login
2020-12-26 18:12:02.604 [http-nio-8080-exec-4] INFO  com.lz.ht.base.BaseController - /login
2020-12-26 18:12:02.604 [http-nio-8080-exec-4] INFO  com.lz.ht.base.BaseController - /login
2020-12-26 18:12:02.672 [http-nio-8080-exec-4] INFO  com.lz.ht.base.BaseController - /login
2020-12-26 18:12:02.672 [http-nio-8080-exec-4] INFO  com.lz.ht.base.BaseController - /login
2020-12-26 18:12:51.327 [http-nio-8080-exec-3] INFO  com.lz.ht.base.BaseController - /login
2020-12-26 18:12:51.327 [http-nio-8080-exec-3] INFO  com.lz.ht.base.BaseController - /login
2020-12-26 18:12:51.369 [http-nio-8080-exec-3] INFO  com.lz.ht.base.BaseController - /login
2020-12-26 18:12:51.370 [http-nio-8080-exec-3] INFO  com.lz.ht.base.BaseController - /login
