2020-12-27 19:49:59.480 [main] INFO  com.lz.ht.CbootApplication - Starting CbootApplication on DESKTOP-HQMNFVH with PID 21308 (started by huawei in C:\Users\huawei\Desktop\cboot (2)\cboot)
2020-12-27 19:49:59.484 [main] INFO  com.lz.ht.CbootApplication - The following profiles are active: local
2020-12-27 19:50:00.742 [main] INFO  o.s.c.s.PostProcessorRegistrationDelegate$BeanPostProcessorChecker - Bean 'org.apache.shiro.spring.boot.autoconfigure.ShiroBeanAutoConfiguration' of type [org.apache.shiro.spring.boot.autoconfigure.ShiroBeanAutoConfiguration$$EnhancerBySpringCGLIB$$31764b5e] is not eligible for getting processed by all BeanPostProcessors (for example: not eligible for auto-proxying)
2020-12-27 19:50:00.857 [main] INFO  o.s.c.s.PostProcessorRegistrationDelegate$BeanPostProcessorChecker - Bean 'org.apache.shiro.spring.boot.autoconfigure.ShiroAnnotationProcessorAutoConfiguration' of type [org.apache.shiro.spring.boot.autoconfigure.ShiroAnnotationProcessorAutoConfiguration$$EnhancerBySpringCGLIB$$34098a03] is not eligible for getting processed by all BeanPostProcessors (for example: not eligible for auto-proxying)
2020-12-27 19:50:00.882 [main] INFO  o.s.c.s.PostProcessorRegistrationDelegate$BeanPostProcessorChecker - Bean 'shiroConfig' of type [com.lz.ht.configuration.ShiroConfig$$EnhancerBySpringCGLIB$$2bfcb9f] is not eligible for getting processed by all BeanPostProcessors (for example: not eligible for auto-proxying)
2020-12-27 19:50:00.906 [main] INFO  o.s.c.s.PostProcessorRegistrationDelegate$BeanPostProcessorChecker - Bean 'org.springframework.transaction.annotation.ProxyTransactionManagementConfiguration' of type [org.springframework.transaction.annotation.ProxyTransactionManagementConfiguration$$EnhancerBySpringCGLIB$$1e5d6dae] is not eligible for getting processed by all BeanPostProcessors (for example: not eligible for auto-proxying)
2020-12-27 19:50:01.641 [main] INFO  o.s.c.s.PostProcessorRegistrationDelegate$BeanPostProcessorChecker - Bean 'druidConfig' of type [com.lz.ht.configuration.DruidConfig$$EnhancerBySpringCGLIB$$57662f10] is not eligible for getting processed by all BeanPostProcessors (for example: not eligible for auto-proxying)
2020-12-27 19:50:01.710 [main] INFO  o.s.c.s.PostProcessorRegistrationDelegate$BeanPostProcessorChecker - Bean 'mybatis-org.mybatis.spring.boot.autoconfigure.MybatisProperties' of type [org.mybatis.spring.boot.autoconfigure.MybatisProperties] is not eligible for getting processed by all BeanPostProcessors (for example: not eligible for auto-proxying)
2020-12-27 19:50:01.723 [main] INFO  o.s.c.s.PostProcessorRegistrationDelegate$BeanPostProcessorChecker - Bean 'org.mybatis.spring.boot.autoconfigure.MybatisAutoConfiguration' of type [org.mybatis.spring.boot.autoconfigure.MybatisAutoConfiguration$$EnhancerBySpringCGLIB$$5131bede] is not eligible for getting processed by all BeanPostProcessors (for example: not eligible for auto-proxying)
2020-12-27 19:50:02.240 [main] INFO  com.alibaba.druid.pool.DruidDataSource - {dataSource-1} inited
2020-12-27 19:50:02.240 [main] INFO  o.s.c.s.PostProcessorRegistrationDelegate$BeanPostProcessorChecker - Bean 'dataSource' of type [com.alibaba.druid.pool.DruidDataSource] is not eligible for getting processed by all BeanPostProcessors (for example: not eligible for auto-proxying)
2020-12-27 19:50:02.253 [main] INFO  o.s.c.s.PostProcessorRegistrationDelegate$BeanPostProcessorChecker - Bean 'spring.datasource-org.springframework.boot.autoconfigure.jdbc.DataSourceProperties' of type [org.springframework.boot.autoconfigure.jdbc.DataSourceProperties] is not eligible for getting processed by all BeanPostProcessors (for example: not eligible for auto-proxying)
2020-12-27 19:50:02.260 [main] INFO  o.s.c.s.PostProcessorRegistrationDelegate$BeanPostProcessorChecker - Bean 'org.springframework.boot.autoconfigure.jdbc.DataSourceInitializerInvoker' of type [org.springframework.boot.autoconfigure.jdbc.DataSourceInitializerInvoker] is not eligible for getting processed by all BeanPostProcessors (for example: not eligible for auto-proxying)
2020-12-27 19:50:03.234 [main] INFO  o.s.c.s.PostProcessorRegistrationDelegate$BeanPostProcessorChecker - Bean 'sqlSessionFactory' of type [org.apache.ibatis.session.defaults.DefaultSqlSessionFactory] is not eligible for getting processed by all BeanPostProcessors (for example: not eligible for auto-proxying)
2020-12-27 19:50:03.242 [main] INFO  o.s.c.s.PostProcessorRegistrationDelegate$BeanPostProcessorChecker - Bean 'sqlSessionTemplate' of type [org.mybatis.spring.SqlSessionTemplate] is not eligible for getting processed by all BeanPostProcessors (for example: not eligible for auto-proxying)
2020-12-27 19:50:03.244 [main] INFO  com.lz.ht.configuration.DruidConfig - -------------SqlMapper ------------
2020-12-27 19:50:03.245 [main] INFO  o.s.c.s.PostProcessorRegistrationDelegate$BeanPostProcessorChecker - Bean 'sqlMapper' of type [com.github.abel533.sql.SqlMapper] is not eligible for getting processed by all BeanPostProcessors (for example: not eligible for auto-proxying)
2020-12-27 19:50:03.273 [main] INFO  o.s.c.s.PostProcessorRegistrationDelegate$BeanPostProcessorChecker - Bean 'userMapper' of type [org.mybatis.spring.mapper.MapperFactoryBean] is not eligible for getting processed by all BeanPostProcessors (for example: not eligible for auto-proxying)
2020-12-27 19:50:03.275 [main] INFO  o.s.c.s.PostProcessorRegistrationDelegate$BeanPostProcessorChecker - Bean 'userMapper' of type [com.sun.proxy.$Proxy65] is not eligible for getting processed by all BeanPostProcessors (for example: not eligible for auto-proxying)
2020-12-27 19:50:03.285 [main] INFO  o.s.c.s.PostProcessorRegistrationDelegate$BeanPostProcessorChecker - Bean 'userRoleMapper' of type [org.mybatis.spring.mapper.MapperFactoryBean] is not eligible for getting processed by all BeanPostProcessors (for example: not eligible for auto-proxying)
2020-12-27 19:50:03.287 [main] INFO  o.s.c.s.PostProcessorRegistrationDelegate$BeanPostProcessorChecker - Bean 'userRoleMapper' of type [com.sun.proxy.$Proxy66] is not eligible for getting processed by all BeanPostProcessors (for example: not eligible for auto-proxying)
2020-12-27 19:50:03.290 [main] INFO  o.s.c.s.PostProcessorRegistrationDelegate$BeanPostProcessorChecker - Bean 'userServiceImpl' of type [com.lz.ht.service.serviceImpl.UserServiceImpl] is not eligible for getting processed by all BeanPostProcessors (for example: not eligible for auto-proxying)
2020-12-27 19:50:03.297 [main] INFO  o.s.c.s.PostProcessorRegistrationDelegate$BeanPostProcessorChecker - Bean 'userRoleServiceImpl' of type [com.lz.ht.service.serviceImpl.UserRoleServiceImpl] is not eligible for getting processed by all BeanPostProcessors (for example: not eligible for auto-proxying)
2020-12-27 19:50:03.309 [main] INFO  o.s.c.s.PostProcessorRegistrationDelegate$BeanPostProcessorChecker - Bean 'roleResourcesMapper' of type [org.mybatis.spring.mapper.MapperFactoryBean] is not eligible for getting processed by all BeanPostProcessors (for example: not eligible for auto-proxying)
2020-12-27 19:50:03.311 [main] INFO  o.s.c.s.PostProcessorRegistrationDelegate$BeanPostProcessorChecker - Bean 'roleResourcesMapper' of type [com.sun.proxy.$Proxy69] is not eligible for getting processed by all BeanPostProcessors (for example: not eligible for auto-proxying)
2020-12-27 19:50:03.311 [main] INFO  o.s.c.s.PostProcessorRegistrationDelegate$BeanPostProcessorChecker - Bean 'roleResourcesServiceImpl' of type [com.lz.ht.service.serviceImpl.RoleResourcesServiceImpl] is not eligible for getting processed by all BeanPostProcessors (for example: not eligible for auto-proxying)
2020-12-27 19:50:03.312 [main] INFO  o.s.c.s.PostProcessorRegistrationDelegate$BeanPostProcessorChecker - Bean 'customRealm' of type [com.lz.ht.realm.CustomRealm] is not eligible for getting processed by all BeanPostProcessors (for example: not eligible for auto-proxying)
2020-12-27 19:50:03.321 [main] INFO  o.s.c.s.PostProcessorRegistrationDelegate$BeanPostProcessorChecker - Bean 'securityManager' of type [org.apache.shiro.web.mgt.DefaultWebSecurityManager] is not eligible for getting processed by all BeanPostProcessors (for example: not eligible for auto-proxying)
2020-12-27 19:50:03.340 [main] INFO  o.s.c.s.PostProcessorRegistrationDelegate$BeanPostProcessorChecker - Bean 'authorizationAttributeSourceAdvisor' of type [org.apache.shiro.spring.security.interceptor.AuthorizationAttributeSourceAdvisor] is not eligible for getting processed by all BeanPostProcessors (for example: not eligible for auto-proxying)
2020-12-27 19:50:03.385 [main] INFO  o.s.c.s.PostProcessorRegistrationDelegate$BeanPostProcessorChecker - Bean 'eventBus' of type [org.apache.shiro.event.support.DefaultEventBus] is not eligible for getting processed by all BeanPostProcessors (for example: not eligible for auto-proxying)
2020-12-27 19:50:04.132 [main] INFO  o.s.boot.web.embedded.tomcat.TomcatWebServer - Tomcat initialized with port(s): 8080 (http)
2020-12-27 19:50:04.193 [main] INFO  org.apache.coyote.http11.Http11NioProtocol - Initializing ProtocolHandler ["http-nio-8080"]
2020-12-27 19:50:05.004 [main] INFO  org.apache.catalina.core.StandardService - Starting service [Tomcat]
2020-12-27 19:50:05.005 [main] INFO  org.apache.catalina.core.StandardEngine - Starting Servlet engine: [Apache Tomcat/9.0.22]
2020-12-27 19:50:05.425 [main] INFO  o.a.c.core.ContainerBase.[Tomcat].[localhost].[/] - Initializing Spring embedded WebApplicationContext
2020-12-27 19:50:05.425 [main] INFO  org.springframework.web.context.ContextLoader - Root WebApplicationContext: initialization completed in 5886 ms
2020-12-27 19:50:06.247 [main] INFO  o.s.boot.web.servlet.RegistrationBean - Filter webStatFilter was not registered (possibly already registered?)
2020-12-27 19:50:06.260 [main] INFO  o.s.boot.web.servlet.RegistrationBean - Servlet statViewServlet was not registered (possibly already registered?)
2020-12-27 19:50:06.675 [main] INFO  com.lz.ht.constant.SysConstant - ***********SYSTEM_CONFIGS***********
2020-12-27 19:50:06.676 [main] INFO  com.lz.ht.constant.SysConstant - [com.lz.ht.model.SysConfig@13803a94, com.lz.ht.model.SysConfig@b4732dc]
2020-12-27 19:50:06.676 [main] INFO  com.lz.ht.constant.SysConstant - ***********SYSTEM_CONFIGS***********
2020-12-27 19:50:07.176 [main] INFO  org.quartz.impl.StdSchedulerFactory - Using default implementation for ThreadExecutor
2020-12-27 19:50:07.181 [main] INFO  org.quartz.simpl.SimpleThreadPool - Job execution threads will use class loader of thread: main
2020-12-27 19:50:07.205 [main] INFO  org.quartz.core.SchedulerSignalerImpl - Initialized Scheduler Signaller of type: class org.quartz.core.SchedulerSignalerImpl
2020-12-27 19:50:07.205 [main] INFO  org.quartz.core.QuartzScheduler - Quartz Scheduler v.2.3.1 created.
2020-12-27 19:50:07.207 [main] INFO  org.quartz.simpl.RAMJobStore - RAMJobStore initialized.
2020-12-27 19:50:07.208 [main] INFO  org.quartz.core.QuartzScheduler - Scheduler meta-data: Quartz Scheduler (v2.3.1) 'DefaultQuartzScheduler' with instanceId 'NON_CLUSTERED'
  Scheduler class: 'org.quartz.core.QuartzScheduler' - running locally.
  NOT STARTED.
  Currently in standby mode.
  Number of jobs executed: 0
  Using thread pool 'org.quartz.simpl.SimpleThreadPool' - with 10 threads.
  Using job-store 'org.quartz.simpl.RAMJobStore' - which does not support persistence. and is not clustered.

2020-12-27 19:50:07.209 [main] INFO  org.quartz.impl.StdSchedulerFactory - Quartz scheduler 'DefaultQuartzScheduler' initialized from default resource file in Quartz package: 'quartz.properties'
2020-12-27 19:50:07.209 [main] INFO  org.quartz.impl.StdSchedulerFactory - Quartz scheduler version: 2.3.1
2020-12-27 19:50:07.600 [main] INFO  o.s.scheduling.concurrent.ThreadPoolTaskExecutor - Initializing ExecutorService 'applicationTaskExecutor'
2020-12-27 19:50:09.023 [main] INFO  org.quartz.impl.StdSchedulerFactory - Using default implementation for ThreadExecutor
2020-12-27 19:50:09.024 [main] INFO  org.quartz.core.SchedulerSignalerImpl - Initialized Scheduler Signaller of type: class org.quartz.core.SchedulerSignalerImpl
2020-12-27 19:50:09.024 [main] INFO  org.quartz.core.QuartzScheduler - Quartz Scheduler v.2.3.1 created.
2020-12-27 19:50:09.025 [main] INFO  org.quartz.simpl.RAMJobStore - RAMJobStore initialized.
2020-12-27 19:50:09.025 [main] INFO  org.quartz.core.QuartzScheduler - Scheduler meta-data: Quartz Scheduler (v2.3.1) 'quartzScheduler' with instanceId 'NON_CLUSTERED'
  Scheduler class: 'org.quartz.core.QuartzScheduler' - running locally.
  NOT STARTED.
  Currently in standby mode.
  Number of jobs executed: 0
  Using thread pool 'org.quartz.simpl.SimpleThreadPool' - with 10 threads.
  Using job-store 'org.quartz.simpl.RAMJobStore' - which does not support persistence. and is not clustered.

2020-12-27 19:50:09.025 [main] INFO  org.quartz.impl.StdSchedulerFactory - Quartz scheduler 'quartzScheduler' initialized from an externally provided properties instance.
2020-12-27 19:50:09.025 [main] INFO  org.quartz.impl.StdSchedulerFactory - Quartz scheduler version: 2.3.1
2020-12-27 19:50:09.026 [main] INFO  org.quartz.core.QuartzScheduler - JobFactory set to: org.springframework.scheduling.quartz.SpringBeanJobFactory@7911cc15
2020-12-27 19:50:09.176 [main] INFO  o.s.b.actuate.endpoint.web.EndpointLinksResolver - Exposing 2 endpoint(s) beneath base path '/actuator'
2020-12-27 19:50:09.369 [main] INFO  o.s.scheduling.quartz.SchedulerFactoryBean - Starting Quartz Scheduler now
2020-12-27 19:50:09.370 [main] INFO  org.quartz.core.QuartzScheduler - Scheduler quartzScheduler_$_NON_CLUSTERED started.
2020-12-27 19:50:09.427 [main] INFO  org.apache.coyote.http11.Http11NioProtocol - Starting ProtocolHandler ["http-nio-8080"]
2020-12-27 19:50:09.471 [main] INFO  o.s.boot.web.embedded.tomcat.TomcatWebServer - Tomcat started on port(s): 8080 (http) with context path ''
2020-12-27 19:50:09.477 [main] INFO  com.lz.ht.CbootApplication - Started CbootApplication in 10.602 seconds (JVM running for 12.306)
2020-12-27 19:50:09.957 [RMI TCP Connection(1)-10.220.138.161] INFO  o.a.c.core.ContainerBase.[Tomcat].[localhost].[/] - Initializing Spring DispatcherServlet 'dispatcherServlet'
2020-12-27 19:50:09.958 [RMI TCP Connection(1)-10.220.138.161] INFO  org.springframework.web.servlet.DispatcherServlet - Initializing Servlet 'dispatcherServlet'
2020-12-27 19:50:09.985 [RMI TCP Connection(1)-10.220.138.161] INFO  org.springframework.web.servlet.DispatcherServlet - Completed initialization in 27 ms
2020-12-27 20:02:09.506 [http-nio-8080-exec-6] INFO  com.lz.ht.base.BaseController - /login
2020-12-27 20:02:09.507 [http-nio-8080-exec-6] INFO  com.lz.ht.base.BaseController - /login
2020-12-27 20:02:09.813 [http-nio-8080-exec-6] INFO  com.lz.ht.base.BaseController - /login
2020-12-27 20:02:09.821 [http-nio-8080-exec-6] INFO  com.lz.ht.base.BaseController - /login
2020-12-27 20:03:16.866 [http-nio-8080-exec-5] INFO  com.lz.ht.base.BaseController - /login
2020-12-27 20:03:16.866 [http-nio-8080-exec-5] INFO  com.lz.ht.base.BaseController - /login
2020-12-27 20:03:16.915 [http-nio-8080-exec-5] INFO  com.lz.ht.base.BaseController - /login
2020-12-27 20:03:16.916 [http-nio-8080-exec-5] INFO  com.lz.ht.base.BaseController - /login
2020-12-27 20:04:47.420 [http-nio-8080-exec-7] INFO  com.lz.ht.base.BaseController - /login
2020-12-27 20:04:47.421 [http-nio-8080-exec-7] INFO  com.lz.ht.base.BaseController - /login
2020-12-27 20:04:47.459 [http-nio-8080-exec-7] INFO  com.lz.ht.base.BaseController - /login
2020-12-27 20:04:47.459 [http-nio-8080-exec-7] INFO  com.lz.ht.base.BaseController - /login
2020-12-27 20:05:43.092 [http-nio-8080-exec-6] INFO  com.lz.ht.base.BaseController - /login
2020-12-27 20:05:43.093 [http-nio-8080-exec-6] INFO  com.lz.ht.base.BaseController - /login
2020-12-27 20:05:43.129 [http-nio-8080-exec-6] INFO  com.lz.ht.base.BaseController - /login
2020-12-27 20:05:43.130 [http-nio-8080-exec-6] INFO  com.lz.ht.base.BaseController - /login
2020-12-27 21:19:12.051 [http-nio-8080-exec-10] INFO  com.lz.ht.base.BaseController - /login
2020-12-27 21:19:12.052 [http-nio-8080-exec-10] INFO  com.lz.ht.base.BaseController - /login
2020-12-27 21:19:12.194 [http-nio-8080-exec-10] INFO  com.lz.ht.base.BaseController - /login
2020-12-27 21:19:12.194 [http-nio-8080-exec-10] INFO  com.lz.ht.base.BaseController - /login
2020-12-27 21:19:55.244 [http-nio-8080-exec-5] INFO  com.lz.ht.base.BaseController - /login
2020-12-27 21:19:55.245 [http-nio-8080-exec-5] INFO  com.lz.ht.base.BaseController - /login
2020-12-27 21:19:55.302 [http-nio-8080-exec-5] INFO  com.lz.ht.base.BaseController - /login
2020-12-27 21:19:55.302 [http-nio-8080-exec-5] INFO  com.lz.ht.base.BaseController - /login
2020-12-27 21:38:21.031 [http-nio-8080-exec-4] INFO  com.lz.ht.base.BaseController - /login
2020-12-27 21:38:21.032 [http-nio-8080-exec-4] INFO  com.lz.ht.base.BaseController - /login
2020-12-27 21:38:21.116 [http-nio-8080-exec-4] INFO  com.lz.ht.base.BaseController - /login
2020-12-27 21:38:21.117 [http-nio-8080-exec-4] INFO  com.lz.ht.base.BaseController - /login
